[debug] [2020-11-21T12:57:30.346Z] ----------------------------------------------------------------------
[debug] [2020-11-21T12:57:30.348Z] Command:       C:\Program Files\nodejs\node.exe C:\Users\moha\AppData\Roaming\npm\node_modules\firebase-tools\lib\bin\firebase.js init
[debug] [2020-11-21T12:57:30.349Z] CLI Version:   8.16.2
[debug] [2020-11-21T12:57:30.349Z] Platform:      win32
[debug] [2020-11-21T12:57:30.349Z] Node Version:  v12.16.3
[debug] [2020-11-21T12:57:30.406Z] Time:          Sat Nov 21 2020 15:57:30 GMT+0300 (East Africa Time)
[debug] [2020-11-21T12:57:30.407Z] ----------------------------------------------------------------------
[debug] [2020-11-21T12:57:30.407Z] 
[debug] [2020-11-21T12:57:30.519Z] > command requires scopes: ["email","openid","https://www.googleapis.com/auth/cloudplatformprojects.readonly","https://www.googleapis.com/auth/firebase","https://www.googleapis.com/auth/cloud-platform"]
[debug] [2020-11-21T12:57:30.519Z] > authorizing via signed-in user
[info] 
     ######## #### ########  ######## ########     ###     ######  ########
     ##        ##  ##     ## ##       ##     ##  ##   ##  ##       ##
     ######    ##  ########  ######   ########  #########  ######  ######
     ##        ##  ##    ##  ##       ##     ## ##     ##       ## ##
     ##       #### ##     ## ######## ########  ##     ##  ######  ########

You're about to initialize a Firebase project in this directory:

  C:\xampp\htdocs\bootsample

Before we get started, keep in mind:

  * You are currently outside your home directory
  * You are initializing in an existing Firebase project directory

