[debug] [2020-11-21T12:36:15.390Z] ----------------------------------------------------------------------
[debug] [2020-11-21T12:36:15.393Z] Command:       C:\Program Files\nodejs\node.exe C:\Users\moha\AppData\Roaming\npm\node_modules\firebase-tools\lib\bin\firebase.js init
[debug] [2020-11-21T12:36:15.393Z] CLI Version:   8.16.2
[debug] [2020-11-21T12:36:15.393Z] Platform:      win32
[debug] [2020-11-21T12:36:15.393Z] Node Version:  v12.16.3
[debug] [2020-11-21T12:36:15.394Z] Time:          Sat Nov 21 2020 15:36:15 GMT+0300 (East Africa Time)
[debug] [2020-11-21T12:36:15.394Z] ----------------------------------------------------------------------
[debug] [2020-11-21T12:36:15.394Z] 
[debug] [2020-11-21T12:36:15.402Z] > command requires scopes: ["email","openid","https://www.googleapis.com/auth/cloudplatformprojects.readonly","https://www.googleapis.com/auth/firebase","https://www.googleapis.com/auth/cloud-platform"]
[debug] [2020-11-21T12:36:15.402Z] > authorizing via signed-in user
[info] 
     ######## #### ########  ######## ########     ###     ######  ########
     ##        ##  ##     ## ##       ##     ##  ##   ##  ##       ##
     ######    ##  ########  ######   ########  #########  ######  ######
     ##        ##  ##    ##  ##       ##     ## ##     ##       ## ##
     ##       #### ##     ## ######## ########  ##     ##  ######  ########

You're about to initialize a Firebase project in this directory:

  C:\xampp\htdocs\bootsample

Before we get started, keep in mind:

  * You are currently outside your home directory
  * You are initializing in an existing Firebase project directory

[info] 
=== Project Setup
[info] 
[info] First, let's associate this project directory with a Firebase project.
[info] You can create multiple project aliases by running firebase use --add, 
[info] but for now we'll just set up a default project.
[info] 
[info] i  .firebaserc already has a default project, using finap-f3a84. 
[debug] [2020-11-21T12:36:24.480Z] >>> HTTP REQUEST GET https://firebase.googleapis.com/v1beta1/projects/finap-f3a84  
 
[debug] [2020-11-21T12:36:25.020Z] <<< HTTP RESPONSE 200 {"content-type":"application/json; charset=UTF-8","vary":"X-Origin, Referer, Origin,Accept-Encoding","date":"Sat, 21 Nov 2020 12:36:24 GMT","server":"ESF","cache-control":"private","x-xss-protection":"0","x-frame-options":"SAMEORIGIN","x-content-type-options":"nosniff","alt-svc":"h3-29=\":443\"; ma=2592000,h3-T051=\":443\"; ma=2592000,h3-Q050=\":443\"; ma=2592000,h3-Q046=\":443\"; ma=2592000,h3-Q043=\":443\"; ma=2592000,quic=\":443\"; ma=2592000; v=\"46,43\"","accept-ranges":"none","transfer-encoding":"chunked"}
[info] 
=== Hosting Setup
[info] 
[info] Your public directory is the folder (relative to your project directory) that
[info] will contain Hosting assets to be uploaded with firebase deploy. If you
[info] have a build process for your assets, use your build's output directory.
[info] 
